<?xml version="1.0" encoding="UTF-8"?>
<!-- Generated by org.testng.reporters.JUnitXMLReporter -->
<testsuite ignored="0" hostname="Abhisheks-MacBook-Air.local" failures="0" tests="21" name="Test" time="74.382" errors="0" timestamp="2024-07-19T18:39:17 IST">
  <testcase classname="testcases.operationTheatre_testcase" name="@BeforeClass initBrowser" time="3.743">
    <failure type="org.openqa.selenium.remote.NoSuchDriverException" message="chromedriver located at /Users/abhisheksharma/Documents/Health App WS/HealthApp_operationTheatre_PL2\driver\chromedriver.exe, but invalid
For documentation on this error, please visit: https://www.selenium.dev/documentation/webdriver/troubleshooting/errors/driver_location/
Build info: version: &amp;apos;4.10.0&amp;apos;, revision: &amp;apos;c14d967899&amp;apos;
System info: os.name: &amp;apos;Mac OS X&amp;apos;, os.arch: &amp;apos;x86_64&amp;apos;, os.version: &amp;apos;14.5&amp;apos;, java.version: &amp;apos;22.0.1&amp;apos;
Driver info: driver.version: ChromeDriver">
      <![CDATA[org.openqa.selenium.remote.NoSuchDriverException: chromedriver located at /Users/abhisheksharma/Documents/Health App WS/HealthApp_operationTheatre_PL2\driver\chromedriver.exe, but invalid
For documentation on this error, please visit: https://www.selenium.dev/documentation/webdriver/troubleshooting/errors/driver_location/
Build info: version: '4.10.0', revision: 'c14d967899'
System info: os.name: 'Mac OS X', os.arch: 'x86_64', os.version: '14.5', java.version: '22.0.1'
Driver info: driver.version: ChromeDriver
at org.openqa.selenium.remote.service.DriverFinder.getPath(DriverFinder.java:45)
at org.openqa.selenium.chrome.ChromeDriver.generateExecutor(ChromeDriver.java:98)
at org.openqa.selenium.chrome.ChromeDriver.<init>(ChromeDriver.java:87)
at org.openqa.selenium.chrome.ChromeDriver.<init>(ChromeDriver.java:82)
at org.openqa.selenium.chrome.ChromeDriver.<init>(ChromeDriver.java:71)
at coreUtilities.testbase.TestBase.initialize(TestBase.java:35)
at testcases.operationTheatre_testcase.initBrowser(operationTheatre_testcase.java:40)
at java.base/java.util.concurrent.ThreadPoolExecutor.runWorker(ThreadPoolExecutor.java:1144)
at java.base/java.util.concurrent.ThreadPoolExecutor$Worker.run(ThreadPoolExecutor.java:642)
at java.base/java.lang.Thread.run(Thread.java:1570)
... Removed 8 stack frames]]>
    </failure>
  </testcase> <!-- @BeforeClass initBrowser -->
  <testcase classname="testcases.operationTheatre_testcase" name="@AfterClass tearDown" time="0.009">
    <failure type="java.lang.NullPointerException" message="Cannot invoke &amp;quot;org.openqa.selenium.WebDriver.quit()&amp;quot; because &amp;quot;this.driver&amp;quot; is null">
      <![CDATA[java.lang.NullPointerException: Cannot invoke "org.openqa.selenium.WebDriver.quit()" because "this.driver" is null
at coreUtilities.testbase.TestBase.browserTearDown(TestBase.java:103)
at testcases.operationTheatre_testcase.tearDown(operationTheatre_testcase.java:330)
at java.base/java.util.concurrent.ThreadPoolExecutor.runWorker(ThreadPoolExecutor.java:1144)
at java.base/java.util.concurrent.ThreadPoolExecutor$Worker.run(ThreadPoolExecutor.java:642)
at java.base/java.lang.Thread.run(Thread.java:1570)
... Removed 9 stack frames]]>
    </failure>
  </testcase> <!-- @AfterClass tearDown -->
  <testcase classname="testcases.operationTheatre_testcase" name="verifyTitleOfTheHomePage" time="0.001">
    <skipped/>
  </testcase> <!-- verifyTitleOfTheHomePage -->
  <testcase classname="testcases.operationTheatre_testcase" name="goToOperationTheatreModuleVerifyTableHeaderName" time="0.0">
    <skipped/>
  </testcase> <!-- goToOperationTheatreModuleVerifyTableHeaderName -->
  <testcase classname="testcases.operationTheatre_testcase" name="verifyBookingOTScheduleFormByClickingOnNewOTBookingButton" time="0.0">
    <skipped/>
  </testcase> <!-- verifyBookingOTScheduleFormByClickingOnNewOTBookingButton -->
  <testcase classname="testcases.operationTheatre_testcase" name="verifyEnteredDataIsPresentInTextbox" time="0.0">
    <skipped/>
  </testcase> <!-- verifyEnteredDataIsPresentInTextbox -->
  <testcase classname="testcases.operationTheatre_testcase" name="verifyPlaceholderNameOfTexboxIfTextboxIsEnabled" time="0.0">
    <skipped/>
  </testcase> <!-- verifyPlaceholderNameOfTexboxIfTextboxIsEnabled -->
  <testcase classname="testcases.operationTheatre_testcase" name="verifyButtonIsPresentAfterSendValueToSurgenNameTextfield" time="0.0">
    <skipped/>
  </testcase> <!-- verifyButtonIsPresentAfterSendValueToSurgenNameTextfield -->
  <testcase classname="testcases.operationTheatre_testcase" name="verifyPlusButtonIsPresentAfterClickOnExternalCheckbox" time="0.0">
    <skipped/>
  </testcase> <!-- verifyPlusButtonIsPresentAfterClickOnExternalCheckbox -->
  <testcase classname="testcases.operationTheatre_testcase" name="verifyErrorMessageInAddExternalReferralForms" time="0.0">
    <skipped/>
  </testcase> <!-- verifyErrorMessageInAddExternalReferralForms -->
  <testcase classname="testcases.operationTheatre_testcase" name="verifySuccessNotificationPopupMessage" time="0.0">
    <skipped/>
  </testcase> <!-- verifySuccessNotificationPopupMessage -->
  <testcase classname="testcases.operationTheatre_testcase" name="performJavaScriptExecutorOperation" time="0.0">
    <skipped/>
  </testcase> <!-- performJavaScriptExecutorOperation -->
  <testcase classname="testcases.operationTheatre_testcase" name="performScrollOperation" time="0.0">
    <skipped/>
  </testcase> <!-- performScrollOperation -->
  <testcase classname="testcases.operationTheatre_testcase" name="verifyLocators" time="0.0">
    <skipped/>
  </testcase> <!-- verifyLocators -->
  <testcase classname="testcases.operationTheatre_testcase" name="performKeyboardOperation" time="0.0">
    <skipped/>
  </testcase> <!-- performKeyboardOperation -->
  <testcase classname="testcases.operationTheatre_testcase" name="verifyRadioButton" time="0.0">
    <skipped/>
  </testcase> <!-- verifyRadioButton -->
  <testcase classname="testcases.operationTheatre_testcase" name="verifyErrorNotificationPopupMessage" time="0.0">
    <skipped/>
  </testcase> <!-- verifyErrorNotificationPopupMessage -->
  <testcase classname="testcases.operationTheatre_testcase" name="handleAutoSuggesstion" time="0.0">
    <skipped/>
  </testcase> <!-- handleAutoSuggesstion -->
  <testcase classname="testcases.operationTheatre_testcase" name="takingScreenshotOfCurrentPage" time="0.0">
    <skipped/>
  </testcase> <!-- takingScreenshotOfCurrentPage -->
  <testcase classname="testcases.operationTheatre_testcase" name="verifyTooltipOfAnElement" time="0.0">
    <skipped/>
  </testcase> <!-- verifyTooltipOfAnElement -->
  <testcase classname="testcases.operationTheatre_testcase" name="handleAlertPopup" time="0.001">
    <skipped/>
  </testcase> <!-- handleAlertPopup -->
  <testcase classname="testcases.operationTheatre_testcase" name="uploadImageInScannedImagesSection" time="0.0">
    <skipped/>
  </testcase> <!-- uploadImageInScannedImagesSection -->
  <testcase classname="testcases.operationTheatre_testcase" name="handleIframe" time="0.0">
    <skipped/>
  </testcase> <!-- handleIframe -->
</testsuite> <!-- Test -->
