<?xml version="1.0" encoding="UTF-8"?>
<!-- Generated by org.testng.reporters.JUnitReportReporter -->
<testsuite hostname="Abhisheks-MacBook-Air.local" failures="0" tests="23" name="testcases.operationTheatre_testcase" time="3.754" errors="2" timestamp="2024-07-19T18:39:17 IST" skipped="21">
  <testcase classname="testcases.operationTheatre_testcase" name="tearDown" time="0.009">
    <error message="Cannot invoke &quot;org.openqa.selenium.WebDriver.quit()&quot; because &quot;this.driver&quot; is null" type="java.lang.NullPointerException">
      <![CDATA[java.lang.NullPointerException: Cannot invoke "org.openqa.selenium.WebDriver.quit()" because "this.driver" is null
at coreUtilities.testbase.TestBase.browserTearDown(TestBase.java:103)
at testcases.operationTheatre_testcase.tearDown(operationTheatre_testcase.java:330)
at java.base/jdk.internal.reflect.DirectMethodHandleAccessor.invoke(DirectMethodHandleAccessor.java:103)
at java.base/java.lang.reflect.Method.invoke(Method.java:580)
at org.testng.internal.invokers.MethodInvocationHelper.invokeMethod(MethodInvocationHelper.java:139)
at org.testng.internal.invokers.MethodInvocationHelper.invokeMethodConsideringTimeout(MethodInvocationHelper.java:69)
at org.testng.internal.invokers.ConfigInvoker.invokeConfigurationMethod(ConfigInvoker.java:390)
at org.testng.internal.invokers.ConfigInvoker.invokeConfigurations(ConfigInvoker.java:325)
at org.testng.internal.invokers.TestMethodWorker.invokeAfterClassConfigurations(TestMethodWorker.java:229)
at org.testng.internal.invokers.TestMethodWorker.invokeAfterClassMethods(TestMethodWorker.java:215)
at org.testng.internal.invokers.TestMethodWorker.run(TestMethodWorker.java:131)
at java.base/java.util.concurrent.ThreadPoolExecutor.runWorker(ThreadPoolExecutor.java:1144)
at java.base/java.util.concurrent.ThreadPoolExecutor$Worker.run(ThreadPoolExecutor.java:642)
at java.base/java.lang.Thread.run(Thread.java:1570)
]]>
    </error>
  </testcase> <!-- tearDown -->
  <testcase classname="testcases.operationTheatre_testcase" name="initBrowser" time="3.743">
    <error message="chromedriver located at /Users/abhisheksharma/Documents/Health App WS/HealthApp_operationTheatre_PL2\driver\chromedriver.exe, but invalid
For documentation on this error, please visit: https://www.selenium.dev/documentation/webdriver/troubleshooting/errors/driver_location/
Build info: version: &#039;4.10.0&#039;, revision: &#039;c14d967899&#039;
System info: os.name: &#039;Mac OS X&#039;, os.arch: &#039;x86_64&#039;, os.version: &#039;14.5&#039;, java.version: &#039;22.0.1&#039;
Driver info: driver.version: ChromeDriver" type="org.openqa.selenium.remote.NoSuchDriverException">
      <![CDATA[org.openqa.selenium.remote.NoSuchDriverException: chromedriver located at /Users/abhisheksharma/Documents/Health App WS/HealthApp_operationTheatre_PL2\driver\chromedriver.exe, but invalid
For documentation on this error, please visit: https://www.selenium.dev/documentation/webdriver/troubleshooting/errors/driver_location/
Build info: version: '4.10.0', revision: 'c14d967899'
System info: os.name: 'Mac OS X', os.arch: 'x86_64', os.version: '14.5', java.version: '22.0.1'
Driver info: driver.version: ChromeDriver
at org.openqa.selenium.remote.service.DriverFinder.getPath(DriverFinder.java:45)
at org.openqa.selenium.chrome.ChromeDriver.generateExecutor(ChromeDriver.java:98)
at org.openqa.selenium.chrome.ChromeDriver.<init>(ChromeDriver.java:87)
at org.openqa.selenium.chrome.ChromeDriver.<init>(ChromeDriver.java:82)
at org.openqa.selenium.chrome.ChromeDriver.<init>(ChromeDriver.java:71)
at coreUtilities.testbase.TestBase.initialize(TestBase.java:35)
at testcases.operationTheatre_testcase.initBrowser(operationTheatre_testcase.java:40)
at java.base/jdk.internal.reflect.DirectMethodHandleAccessor.invoke(DirectMethodHandleAccessor.java:103)
at java.base/java.lang.reflect.Method.invoke(Method.java:580)
at org.testng.internal.invokers.MethodInvocationHelper.invokeMethod(MethodInvocationHelper.java:139)
at org.testng.internal.invokers.MethodInvocationHelper.invokeMethodConsideringTimeout(MethodInvocationHelper.java:69)
at org.testng.internal.invokers.ConfigInvoker.invokeConfigurationMethod(ConfigInvoker.java:390)
at org.testng.internal.invokers.ConfigInvoker.invokeConfigurations(ConfigInvoker.java:325)
at org.testng.internal.invokers.TestMethodWorker.invokeBeforeClassMethods(TestMethodWorker.java:180)
at org.testng.internal.invokers.TestMethodWorker.run(TestMethodWorker.java:122)
at java.base/java.util.concurrent.ThreadPoolExecutor.runWorker(ThreadPoolExecutor.java:1144)
at java.base/java.util.concurrent.ThreadPoolExecutor$Worker.run(ThreadPoolExecutor.java:642)
at java.base/java.lang.Thread.run(Thread.java:1570)
]]>
    </error>
  </testcase> <!-- initBrowser -->
  <testcase classname="testcases.operationTheatre_testcase" name="verifyTitleOfTheHomePage" time="0.001">
    <skipped/>
  </testcase> <!-- verifyTitleOfTheHomePage -->
  <testcase classname="testcases.operationTheatre_testcase" name="goToOperationTheatreModuleVerifyTableHeaderName" time="0.000">
    <skipped/>
  </testcase> <!-- goToOperationTheatreModuleVerifyTableHeaderName -->
  <testcase classname="testcases.operationTheatre_testcase" name="verifyBookingOTScheduleFormByClickingOnNewOTBookingButton" time="0.000">
    <skipped/>
  </testcase> <!-- verifyBookingOTScheduleFormByClickingOnNewOTBookingButton -->
  <testcase classname="testcases.operationTheatre_testcase" name="verifyEnteredDataIsPresentInTextbox" time="0.000">
    <skipped/>
  </testcase> <!-- verifyEnteredDataIsPresentInTextbox -->
  <testcase classname="testcases.operationTheatre_testcase" name="verifyPlaceholderNameOfTexboxIfTextboxIsEnabled" time="0.000">
    <skipped/>
  </testcase> <!-- verifyPlaceholderNameOfTexboxIfTextboxIsEnabled -->
  <testcase classname="testcases.operationTheatre_testcase" name="verifyButtonIsPresentAfterSendValueToSurgenNameTextfield" time="0.000">
    <skipped/>
  </testcase> <!-- verifyButtonIsPresentAfterSendValueToSurgenNameTextfield -->
  <testcase classname="testcases.operationTheatre_testcase" name="verifyPlusButtonIsPresentAfterClickOnExternalCheckbox" time="0.000">
    <skipped/>
  </testcase> <!-- verifyPlusButtonIsPresentAfterClickOnExternalCheckbox -->
  <testcase classname="testcases.operationTheatre_testcase" name="verifyErrorMessageInAddExternalReferralForms" time="0.000">
    <skipped/>
  </testcase> <!-- verifyErrorMessageInAddExternalReferralForms -->
  <testcase classname="testcases.operationTheatre_testcase" name="verifySuccessNotificationPopupMessage" time="0.000">
    <skipped/>
  </testcase> <!-- verifySuccessNotificationPopupMessage -->
  <testcase classname="testcases.operationTheatre_testcase" name="performJavaScriptExecutorOperation" time="0.000">
    <skipped/>
  </testcase> <!-- performJavaScriptExecutorOperation -->
  <testcase classname="testcases.operationTheatre_testcase" name="performScrollOperation" time="0.000">
    <skipped/>
  </testcase> <!-- performScrollOperation -->
  <testcase classname="testcases.operationTheatre_testcase" name="verifyLocators" time="0.000">
    <skipped/>
  </testcase> <!-- verifyLocators -->
  <testcase classname="testcases.operationTheatre_testcase" name="performKeyboardOperation" time="0.000">
    <skipped/>
  </testcase> <!-- performKeyboardOperation -->
  <testcase classname="testcases.operationTheatre_testcase" name="verifyRadioButton" time="0.000">
    <skipped/>
  </testcase> <!-- verifyRadioButton -->
  <testcase classname="testcases.operationTheatre_testcase" name="verifyErrorNotificationPopupMessage" time="0.000">
    <skipped/>
  </testcase> <!-- verifyErrorNotificationPopupMessage -->
  <testcase classname="testcases.operationTheatre_testcase" name="handleAutoSuggesstion" time="0.000">
    <skipped/>
  </testcase> <!-- handleAutoSuggesstion -->
  <testcase classname="testcases.operationTheatre_testcase" name="takingScreenshotOfCurrentPage" time="0.000">
    <skipped/>
  </testcase> <!-- takingScreenshotOfCurrentPage -->
  <testcase classname="testcases.operationTheatre_testcase" name="verifyTooltipOfAnElement" time="0.000">
    <skipped/>
  </testcase> <!-- verifyTooltipOfAnElement -->
  <testcase classname="testcases.operationTheatre_testcase" name="handleAlertPopup" time="0.001">
    <skipped/>
  </testcase> <!-- handleAlertPopup -->
  <testcase classname="testcases.operationTheatre_testcase" name="uploadImageInScannedImagesSection" time="0.000">
    <skipped/>
  </testcase> <!-- uploadImageInScannedImagesSection -->
  <testcase classname="testcases.operationTheatre_testcase" name="handleIframe" time="0.000">
    <skipped/>
  </testcase> <!-- handleIframe -->
</testsuite> <!-- testcases.operationTheatre_testcase -->
